<?xml version="1.0" encoding="UTF-8"?>
<!-- Generated by org.testng.reporters.JUnitReportReporter -->
<testsuite hostname="DESKTOP-S4HJIK7" name="com.rmg.gitParameter.GetRepoUsingFormParameter" tests="1" failures="0" timestamp="22 Apr 2022 05:40:53 GMT" time="1.851" errors="0">
  <testcase name="feedChicken" time="1.851" classname="com.rmg.gitParameter.GetRepoUsingFormParameter"/>
</testsuite> <!-- com.rmg.gitParameter.GetRepoUsingFormParameter -->
