<?xml version="1.0" encoding="UTF-8"?>
<!-- Generated by org.testng.reporters.JUnitReportReporter -->
<testsuite hostname="DESKTOP-S4HJIK7" name="crudOopeTest.CreateProject_BDD" tests="1" failures="0" timestamp="25 Apr 2022 13:01:56 GMT" time="1.260" errors="0">
  <testcase name="createProj" time="1.260" classname="crudOopeTest.CreateProject_BDD"/>
</testsuite> <!-- crudOopeTest.CreateProject_BDD -->
