<?xml version="1.0" encoding="UTF-8"?>
<!-- Generated by org.testng.reporters.JUnitReportReporter -->
<testsuite hostname="DESKTOP-S4HJIK7" name="com.rmg.gitParameter.GetRepoUsingPathTest" tests="1" failures="0" timestamp="21 Apr 2022 11:01:35 GMT" time="2.558" errors="0">
  <testcase name="getSingleRepo" time="2.558" classname="com.rmg.gitParameter.GetRepoUsingPathTest"/>
</testsuite> <!-- com.rmg.gitParameter.GetRepoUsingPathTest -->
