<?xml version="1.0" encoding="UTF-8"?>
<!-- Generated by org.testng.reporters.JUnitReportReporter -->
<testsuite hostname="DESKTOP-S4HJIK7" name="crudOopeTest.UpdateProjectBDD" tests="1" failures="0" timestamp="25 Apr 2022 13:14:03 GMT" time="1.265" errors="0">
  <testcase name="updateProj" time="1.265" classname="crudOopeTest.UpdateProjectBDD"/>
</testsuite> <!-- crudOopeTest.UpdateProjectBDD -->
