<?xml version="1.0" encoding="UTF-8"?>
<!-- Generated by org.testng.reporters.JUnitReportReporter -->
<testsuite hostname="DESKTOP-S4HJIK7" name="com.rmg.gitParameter.JsonStoringToken" tests="1" failures="0" timestamp="21 Apr 2022 13:16:58 GMT" time="2.854" errors="0">
  <testcase name="jsonStore" time="2.854" classname="com.rmg.gitParameter.JsonStoringToken"/>
</testsuite> <!-- com.rmg.gitParameter.JsonStoringToken -->
