<?xml version="1.0" encoding="UTF-8"?>
<!-- Generated by org.testng.reporters.JUnitReportReporter -->
<testsuite hostname="DESKTOP-S4HJIK7" name="crudOopeTest.GetProjects" tests="1" failures="0" timestamp="25 Apr 2022 11:00:05 GMT" time="1.477" errors="0">
  <testcase name="getAllProjects" time="1.477" classname="crudOopeTest.GetProjects"/>
</testsuite> <!-- crudOopeTest.GetProjects -->
