<?xml version="1.0" encoding="UTF-8"?>
<!-- Generated by org.testng.reporters.JUnitReportReporter -->
<testsuite hostname="DESKTOP-S4HJIK7" name="com.rmg.gitParameter.GetRepoUsingQueryParameterTest" tests="1" failures="0" timestamp="22 Apr 2022 05:44:12 GMT" time="2.644" errors="0">
  <testcase name="getOneRepo" time="2.644" classname="com.rmg.gitParameter.GetRepoUsingQueryParameterTest"/>
</testsuite> <!-- com.rmg.gitParameter.GetRepoUsingQueryParameterTest -->
