<?xml version="1.0" encoding="UTF-8"?>
<!-- Generated by org.testng.reporters.JUnitReportReporter -->
<testsuite hostname="DESKTOP-S4HJIK7" name="com.rmg.ProjectTest.SampleProjectTest" tests="1" failures="0" timestamp="21 Apr 2022 08:04:16 GMT" time="1.797" errors="0">
  <testcase name="getAllProjectsTest" time="1.797" classname="com.rmg.ProjectTest.SampleProjectTest"/>
</testsuite> <!-- com.rmg.ProjectTest.SampleProjectTest -->
