<?xml version="1.0" encoding="UTF-8"?>
<!-- Generated by org.testng.reporters.JUnitReportReporter -->
<testsuite hostname="DESKTOP-S4HJIK7" name="requestChaining.ResponseTimeValidation" tests="1" failures="0" timestamp="22 Apr 2022 11:04:13 GMT" time="1.464" errors="0">
  <testcase name="other" time="1.464" classname="requestChaining.ResponseTimeValidation"/>
</testsuite> <!-- requestChaining.ResponseTimeValidation -->
