<?xml version="1.0" encoding="UTF-8"?>
<!-- Generated by org.testng.reporters.JUnitReportReporter -->
<testsuite hostname="DESKTOP-S4HJIK7" name="crudOopeTest.CreateProject_WithoutBDD" tests="1" failures="0" timestamp="25 Apr 2022 12:29:40 GMT" time="1.413" errors="0">
  <testcase name="createProjects" time="1.413" classname="crudOopeTest.CreateProject_WithoutBDD"/>
</testsuite> <!-- crudOopeTest.CreateProject_WithoutBDD -->
