<?xml version="1.0" encoding="UTF-8"?>
<!-- Generated by org.testng.reporters.JUnitReportReporter -->
<testsuite hostname="DESKTOP-S4HJIK7" name="requestChaining.RequestChain1" tests="1" failures="0" timestamp="22 Apr 2022 10:17:53 GMT" time="2.029" errors="0">
  <testcase name="propertyAllProjects" time="2.029" classname="requestChaining.RequestChain1"/>
</testsuite> <!-- requestChaining.RequestChain1 -->
