<?xml version="1.0" encoding="UTF-8"?>
<!-- Generated by org.testng.reporters.JUnitReportReporter -->
<testsuite hostname="DESKTOP-S4HJIK7" name="responseValidation.ValidateResponseBody" tests="1" failures="0" timestamp="22 Apr 2022 09:18:33 GMT" time="2.047" errors="0">
  <testcase name="validateBody" time="2.047" classname="responseValidation.ValidateResponseBody"/>
</testsuite> <!-- responseValidation.ValidateResponseBody -->
