<?xml version="1.0" encoding="UTF-8"?>
<!-- Generated by org.testng.reporters.JUnitReportReporter -->
<testsuite hostname="DESKTOP-S4HJIK7" name="crudOopeTest.DeleteProjBDD" tests="1" failures="0" timestamp="25 Apr 2022 13:06:02 GMT" time="1.263" errors="0">
  <testcase name="deleteProj" time="1.263" classname="crudOopeTest.DeleteProjBDD"/>
</testsuite> <!-- crudOopeTest.DeleteProjBDD -->
