<?xml version="1.0" encoding="UTF-8"?>
<!-- Generated by org.testng.reporters.JUnitReportReporter -->
<testsuite hostname="DESKTOP-S4HJIK7" name="responseValidation.ValidateResponseBodyUsingJsonpath" tests="1" failures="0" timestamp="22 Apr 2022 09:46:16 GMT" time="1.947" errors="0">
  <testcase name="withoutMatcher" time="1.947" classname="responseValidation.ValidateResponseBodyUsingJsonpath"/>
</testsuite> <!-- responseValidation.ValidateResponseBodyUsingJsonpath -->
