<?xml version="1.0" encoding="UTF-8"?>
<!-- Generated by org.testng.reporters.JUnitReportReporter -->
<testsuite hostname="DESKTOP-S4HJIK7" name="responseValidation.ValidateHeader" tests="1" failures="0" timestamp="22 Apr 2022 06:33:26 GMT" time="1.423" errors="0">
  <testcase name="validateHeaderTest" time="1.423" classname="responseValidation.ValidateHeader"/>
</testsuite> <!-- responseValidation.ValidateHeader -->
